Determining if the pthread_create exist failed with the following output:
Change Dir: /home/leo/catkin_ws2/src/VINS-Mono-Learning/feature_tracker/cmake-build-debug/CMakeFiles/CMakeTmp

Run Build Command:"/usr/bin/make" "cmTC_f1a09/fast"
/usr/bin/make -f CMakeFiles/cmTC_f1a09.dir/build.make CMakeFiles/cmTC_f1a09.dir/build
make[1]: Entering directory '/home/leo/catkin_ws2/src/VINS-Mono-Learning/feature_tracker/cmake-build-debug/CMakeFiles/CMakeTmp'
Building C object CMakeFiles/cmTC_f1a09.dir/CheckSymbolExists.c.o
/usr/bin/cc    -o CMakeFiles/cmTC_f1a09.dir/CheckSymbolExists.c.o   -c /home/leo/catkin_ws2/src/VINS-Mono-Learning/feature_tracker/cmake-build-debug/CMakeFiles/CMakeTmp/CheckSymbolExists.c
Linking C executable cmTC_f1a09
/opt/clion-2019.1/bin/cmake/linux/bin/cmake -E cmake_link_script CMakeFiles/cmTC_f1a09.dir/link.txt --verbose=1
/usr/bin/cc      -rdynamic CMakeFiles/cmTC_f1a09.dir/CheckSymbolExists.c.o  -o cmTC_f1a09 
CMakeFiles/cmTC_f1a09.dir/CheckSymbolExists.c.o: In function `main':
CheckSymbolExists.c:(.text+0x16): undefined reference to `pthread_create'
collect2: error: ld returned 1 exit status
CMakeFiles/cmTC_f1a09.dir/build.make:86: recipe for target 'cmTC_f1a09' failed
make[1]: *** [cmTC_f1a09] Error 1
make[1]: Leaving directory '/home/leo/catkin_ws2/src/VINS-Mono-Learning/feature_tracker/cmake-build-debug/CMakeFiles/CMakeTmp'
Makefile:121: recipe for target 'cmTC_f1a09/fast' failed
make: *** [cmTC_f1a09/fast] Error 2

File /home/leo/catkin_ws2/src/VINS-Mono-Learning/feature_tracker/cmake-build-debug/CMakeFiles/CMakeTmp/CheckSymbolExists.c:
/* */
#include <pthread.h>

int main(int argc, char** argv)
{
  (void)argv;
#ifndef pthread_create
  return ((int*)(&pthread_create))[argc];
#else
  (void)argc;
  return 0;
#endif
}

Determining if the function pthread_create exists in the pthreads failed with the following output:
Change Dir: /home/leo/catkin_ws2/src/VINS-Mono-Learning/feature_tracker/cmake-build-debug/CMakeFiles/CMakeTmp

Run Build Command:"/usr/bin/make" "cmTC_c35b4/fast"
/usr/bin/make -f CMakeFiles/cmTC_c35b4.dir/build.make CMakeFiles/cmTC_c35b4.dir/build
make[1]: Entering directory '/home/leo/catkin_ws2/src/VINS-Mono-Learning/feature_tracker/cmake-build-debug/CMakeFiles/CMakeTmp'
Building C object CMakeFiles/cmTC_c35b4.dir/CheckFunctionExists.c.o
/usr/bin/cc   -DCHECK_FUNCTION_EXISTS=pthread_create   -o CMakeFiles/cmTC_c35b4.dir/CheckFunctionExists.c.o   -c /opt/clion-2019.1/bin/cmake/linux/share/cmake-3.13/Modules/CheckFunctionExists.c
Linking C executable cmTC_c35b4
/opt/clion-2019.1/bin/cmake/linux/bin/cmake -E cmake_link_script CMakeFiles/cmTC_c35b4.dir/link.txt --verbose=1
/usr/bin/cc  -DCHECK_FUNCTION_EXISTS=pthread_create    -rdynamic CMakeFiles/cmTC_c35b4.dir/CheckFunctionExists.c.o  -o cmTC_c35b4 -lpthreads 
/usr/bin/ld: cannot find -lpthreads
collect2: error: ld returned 1 exit status
CMakeFiles/cmTC_c35b4.dir/build.make:86: recipe for target 'cmTC_c35b4' failed
make[1]: *** [cmTC_c35b4] Error 1
make[1]: Leaving directory '/home/leo/catkin_ws2/src/VINS-Mono-Learning/feature_tracker/cmake-build-debug/CMakeFiles/CMakeTmp'
Makefile:121: recipe for target 'cmTC_c35b4/fast' failed
make: *** [cmTC_c35b4/fast] Error 2


